<?xml version="1.0" encoding="UTF-8"?>
<testsuite name="runners.PagoLineaRunners" tests="0" skipped="0" failures="0" errors="0" timestamp="1970-01-01T00:00:00" hostname="22LAP5CG0523WW5" time="0.0">
  <properties/>
  <system-out><![CDATA[11:53:39.142 [Test worker] DEBUG net.thucydides.core.util.PropertiesFileLocalPreferences - LOADING LOCAL PROPERTIES FROM C:\Users\SoporteTI\Documents\JAVA\HU7\CompraEnLinea\serenity.properties 
11:53:39.258 [Test worker] DEBUG net.thucydides.core.util.PropertiesFileLocalPreferences - LOADING LOCAL PROPERTIES FROM C:\Users\SoporteTI\Documents\JAVA\HU7\CompraEnLinea\serenity.properties 
11:53:39.258 [Test worker] DEBUG net.thucydides.core.util.PropertiesFileLocalPreferences - LOADING LOCAL PROPERTIES FROM C:\Users\SoporteTI\Documents\JAVA\HU7\CompraEnLinea\serenity.properties 
11:53:39.274 [Test worker] DEBUG net.thucydides.core.util.PropertiesFileLocalPreferences - webdriver.driver=chrome
11:53:39.274 [Test worker] DEBUG net.thucydides.core.util.PropertiesFileLocalPreferences - chrome.capabilities.incognito=true
11:53:39.274 [Test worker] DEBUG net.thucydides.core.util.PropertiesFileLocalPreferences - webdriver.chrome.driver=src/test/resources/drivers/chromedriver.exe
11:53:39.274 [Test worker] DEBUG net.thucydides.core.util.PropertiesFileLocalPreferences - serenity.console.color=true
11:53:39.274 [Test worker] DEBUG net.thucydides.core.util.PropertiesFileLocalPreferences - chrome.capabilities.acceptSslCerts=true
11:53:39.274 [Test worker] DEBUG net.thucydides.core.util.PropertiesFileLocalPreferences - webdriver.base.url=https://advantageonlineshopping.com/#
11:53:39.274 [Test worker] DEBUG net.thucydides.core.util.PropertiesFileLocalPreferences - serenity.project.name=Dojo Serenity / Cucumber
11:53:39.274 [Test worker] DEBUG net.thucydides.core.util.PropertiesFileLocalPreferences - webdriver.wait.for.timeout=8000
11:53:39.274 [Test worker] DEBUG net.thucydides.core.util.PropertiesFileLocalPreferences - serenity.use.unique.browser=true
11:53:39.274 [Test worker] DEBUG net.thucydides.core.util.PropertiesFileLocalPreferences - webdriver.timeouts.implicitlywait=10000
11:53:39.274 [Test worker] DEBUG net.thucydides.core.util.PropertiesFileLocalPreferences - serenity.browser.maximized=true
11:53:39.707 [Test worker] DEBUG net.thucydides.core.util.PropertiesFileLocalPreferences - LOADING LOCAL PROPERTIES FROM C:\Users\SoporteTI\Documents\JAVA\HU7\CompraEnLinea\serenity.properties 
11:53:39.775 [Test worker] DEBUG net.thucydides.core.util.PropertiesFileLocalPreferences - LOADING LOCAL PROPERTIES FROM C:\Users\SoporteTI\Documents\JAVA\HU7\CompraEnLinea\serenity.properties 
11:53:39.775 [Test worker] DEBUG net.thucydides.core.util.PropertiesFileLocalPreferences - LOADING LOCAL PROPERTIES FROM C:\Users\SoporteTI\Documents\JAVA\HU7\CompraEnLinea\serenity.properties 
11:53:39.775 [Test worker] DEBUG net.thucydides.core.util.PropertiesFileLocalPreferences - webdriver.driver=chrome
11:53:39.775 [Test worker] DEBUG net.thucydides.core.util.PropertiesFileLocalPreferences - chrome.capabilities.incognito=true
11:53:39.775 [Test worker] DEBUG net.thucydides.core.util.PropertiesFileLocalPreferences - webdriver.chrome.driver=src/test/resources/drivers/chromedriver.exe
11:53:39.775 [Test worker] DEBUG net.thucydides.core.util.PropertiesFileLocalPreferences - serenity.console.color=true
11:53:39.775 [Test worker] DEBUG net.thucydides.core.util.PropertiesFileLocalPreferences - chrome.capabilities.acceptSslCerts=true
11:53:39.775 [Test worker] DEBUG net.thucydides.core.util.PropertiesFileLocalPreferences - webdriver.base.url=https://advantageonlineshopping.com/#
11:53:39.779 [Test worker] DEBUG net.thucydides.core.util.PropertiesFileLocalPreferences - serenity.project.name=Dojo Serenity / Cucumber
11:53:39.779 [Test worker] DEBUG net.thucydides.core.util.PropertiesFileLocalPreferences - webdriver.wait.for.timeout=8000
11:53:39.779 [Test worker] DEBUG net.thucydides.core.util.PropertiesFileLocalPreferences - serenity.use.unique.browser=true
11:53:39.779 [Test worker] DEBUG net.thucydides.core.util.PropertiesFileLocalPreferences - webdriver.timeouts.implicitlywait=10000
11:53:39.779 [Test worker] DEBUG net.thucydides.core.util.PropertiesFileLocalPreferences - serenity.browser.maximized=true
11:53:39.781 [Test worker] INFO net.thucydides.core.steps.ConsoleLoggingListener - 

-------------------------------------------------------------------------------------
     _______. _______ .______       _______ .__   __.  __  .___________.____    ____ 
    /       ||   ____||   _  \     |   ____||  \ |  | |  | |           |\   \  /   / 
   |   (----`|  |__   |  |_)  |    |  |__   |   \|  | |  | `---|  |----` \   \/   /  
    \   \    |   __|  |      /     |   __|  |  . `  | |  |     |  |       \_    _/   
.----)   |   |  |____ |  |\  \----.|  |____ |  |\   | |  |     |  |         |  |     
|_______/    |_______|| _| `._____||_______||__| \__| |__|     |__|         |__|    
                                                                                     
 News and tutorials at http://www.serenity-bdd.info                                  
 Documentation at https://wakaleo.gitbooks.io/the-serenity-book/content/             
 Join the Serenity Community on Rocket Chat at https://serenity-bdd.rocket.chat      
 Serenity BDD Support and Training at http://serenity-bdd.info/#/trainingandsupport  
 Learn Serenity BDD online at http://serenity-dojo.com                               
-------------------------------------------------------------------------------------

11:53:39.797 [Test worker] DEBUG net.thucydides.core.steps.StepEventBus - Test suite started for story net.thucydides.core.model.Story@a0bad30
11:53:39.798 [Test worker] INFO net.thucydides.core.steps.ConsoleLoggingListener - Test Suite Started: Yo como usuario del portal Demo
11:53:39.859 [Test worker] INFO net.thucydides.core.steps.ConsoleLoggingListener - 
 _____ _____ ____ _____   ____ _____  _    ____ _____ _____ ____  
|_   _| ____/ ___|_   _| / ___|_   _|/ \  |  _ \_   _| ____|  _ \ 
  | | |  _| \___ \ | |   \___ \ | | / _ \ | |_) || | |  _| | | | |
  | | | |___ ___) || |    ___) || |/ ___ \|  _ < | | | |___| |_| |
  |_| |_____|____/ |_|   |____/ |_/_/   \_\_| \_\|_| |_____|____/ 
                                                                  

TEST STARTED: el usuario escoge el metodo de pago Master Credit
-------------------------------------------------------------------(yo-como-usuario-del-portal-demo;el-usuario-escoge-el-metodo-de-pago-master-credit)
11:53:39.958 [Test worker] DEBUG net.thucydides.core.requirements.model.cucumber.CucumberParser - Found no Cucumber 4.2.6 class cucumber.runtime.model.FeatureLoader try Cucumber 4.2.0 
11:53:39.958 [Test worker] DEBUG net.thucydides.core.requirements.model.cucumber.CucumberParser - Found no Cucumber 4.2.0 class cucumber.runtime.model.FeatureLoader try Cucumber 2.x.x 
11:54:04.023 [Test worker] DEBUG net.thucydides.core.reports.ReportService - Reporting formats: [JSON, HTML]
11:54:04.207 [Test worker] DEBUG net.thucydides.core.reports.ReportService - Reporting formats: [JSON, HTML]
11:54:04.229 [Test worker] DEBUG net.thucydides.core.reports.ReportService - Generating reports for 1 test outcomes using: net.thucydides.core.reports.json.JSONTestOutcomeReporter@4ef85c5
11:54:04.246 [pool-1-thread-1] DEBUG net.thucydides.core.reports.ReportService - Processing test outcome Yo como usuario del portal Demo:el usuario escoge el metodo de pago Master Credit
11:54:04.246 [pool-1-thread-1] DEBUG net.thucydides.core.reports.ReportService - net.thucydides.core.reports.json.JSONTestOutcomeReporter@4ef85c5: Generating report for test outcome: Yo como usuario del portal Demo:el usuario escoge el metodo de pago Master Credit
11:54:04.246 [pool-1-thread-1] DEBUG net.thucydides.core.reports.json.JSONTestOutcomeReporter - Generating JSON report for el usuario escoge el metodo de pago Master Credit to file C:\Users\SoporteTI\Documents\JAVA\HU7\CompraEnLinea\target\site\serenity\be0c9aa16ffbcf6b32d629713635b5013a01f690cbbdc369f5a05b5626f6c140.json (using temp file C:\Users\SoporteTI\Documents\JAVA\HU7\CompraEnLinea\target\site\serenity\be0c9aa16ffbcf6b32d629713635b5013a01f690cbbdc369f5a05b5626f6c140.json2e501b01-632d-4f1e-8f34-dc26dde35178)
11:54:04.352 [pool-1-thread-1] DEBUG net.thucydides.core.reports.ReportService - Processing test outcome Yo como usuario del portal Demo:el usuario escoge el metodo de pago Master Credit done
11:54:04.353 [Test worker] DEBUG net.thucydides.core.reports.ReportService - Shutting down executor service
11:54:04.353 [Test worker] DEBUG net.thucydides.core.reports.ReportService - Reports generated in: 124 ms
11:54:04.353 [Test worker] DEBUG net.thucydides.core.reports.ReportService - Generating reports for 1 test outcomes using: net.thucydides.core.reports.html.HtmlAcceptanceTestReporter@145e1df9
11:54:04.353 [pool-2-thread-1] DEBUG net.thucydides.core.reports.ReportService - Processing test outcome Yo como usuario del portal Demo:el usuario escoge el metodo de pago Master Credit
11:54:04.353 [pool-2-thread-1] DEBUG net.thucydides.core.reports.ReportService - net.thucydides.core.reports.html.HtmlAcceptanceTestReporter@145e1df9: Generating report for test outcome: Yo como usuario del portal Demo:el usuario escoge el metodo de pago Master Credit
11:54:04.353 [pool-2-thread-1] DEBUG net.thucydides.core.reports.html.HtmlAcceptanceTestReporter - GENERATE TEST OUTCOME REPORT FOR el usuario escoge el metodo de pago Master Credit in be0c9aa16ffbcf6b32d629713635b5013a01f690cbbdc369f5a05b5626f6c140
11:54:04.419 [pool-2-thread-1] DEBUG net.thucydides.core.requirements.model.cucumber.CucumberParser - Found no Cucumber 4.2.6 class cucumber.runtime.model.FeatureLoader try Cucumber 4.2.0 
11:54:04.419 [pool-2-thread-1] DEBUG net.thucydides.core.requirements.model.cucumber.CucumberParser - Found no Cucumber 4.2.0 class cucumber.runtime.model.FeatureLoader try Cucumber 2.x.x 
11:54:04.438 [pool-2-thread-1] DEBUG net.thucydides.core.requirements.RequirementsTagProvider -  found:[Requirement{name='Pago linea', type='capability' parent = 'null', cardNumber='null'}]
11:54:04.452 [pool-2-thread-1] DEBUG net.thucydides.core.requirements.BaseRequirementsService - Requirement found for test outcome el usuario escoge el metodo de pago Master Credit-[]: Optional[Requirement{name='Yo como usuario del portal Demo', type='feature' parent = 'Pago linea', cardNumber='null'}]
11:54:04.459 [pool-2-thread-1] DEBUG net.thucydides.core.requirements.BaseRequirementsService - Requirement found for test outcome el usuario escoge el metodo de pago Master Credit-[]: Optional[Requirement{name='Yo como usuario del portal Demo', type='feature' parent = 'Pago linea', cardNumber='null'}]
11:54:04.762 [pool-2-thread-1] DEBUG net.thucydides.core.requirements.BaseRequirementsService - Requirement found for test outcome el usuario escoge el metodo de pago Master Credit-[]: Optional[Requirement{name='Yo como usuario del portal Demo', type='feature' parent = 'Pago linea', cardNumber='null'}]
11:54:04.762 [pool-2-thread-1] DEBUG net.thucydides.core.requirements.BaseRequirementsService - Requirement found for test outcome el usuario escoge el metodo de pago Master Credit-[]: Optional[Requirement{name='Yo como usuario del portal Demo', type='feature' parent = 'Pago linea', cardNumber='null'}]
11:54:05.005 [pool-2-thread-1] DEBUG net.thucydides.core.reports.html.HtmlAcceptanceTestReporter - Generating report in be0c9aa16ffbcf6b32d629713635b5013a01f690cbbdc369f5a05b5626f6c140_screenshots.html
11:54:06.167 [pool-2-thread-1] DEBUG net.thucydides.core.reports.html.HtmlAcceptanceTestReporter - Generated report be0c9aa16ffbcf6b32d629713635b5013a01f690cbbdc369f5a05b5626f6c140_screenshots.html in 1162 ms
11:54:06.169 [pool-2-thread-1] DEBUG net.thucydides.core.reports.html.HtmlAcceptanceTestReporter - GENERATING HTML REPORT FOR Yo como usuario del portal Demo:el usuario escoge el metodo de pago Master Credit in be0c9aa16ffbcf6b32d629713635b5013a01f690cbbdc369f5a05b5626f6c140.html in directory C:\Users\SoporteTI\Documents\JAVA\HU7\CompraEnLinea\target\site\serenity  
11:54:06.174 [pool-2-thread-1] DEBUG net.thucydides.core.reports.html.HtmlAcceptanceTestReporter - Generating report in be0c9aa16ffbcf6b32d629713635b5013a01f690cbbdc369f5a05b5626f6c140.html
11:54:06.538 [pool-2-thread-1] DEBUG net.thucydides.core.reports.html.HtmlAcceptanceTestReporter - Generated report be0c9aa16ffbcf6b32d629713635b5013a01f690cbbdc369f5a05b5626f6c140.html in 364 ms
11:54:06.538 [pool-2-thread-1] DEBUG net.thucydides.core.reports.ReportService - Processing test outcome Yo como usuario del portal Demo:el usuario escoge el metodo de pago Master Credit done
11:54:06.538 [Test worker] DEBUG net.thucydides.core.reports.ReportService - Shutting down executor service
11:54:06.538 [Test worker] DEBUG net.thucydides.core.reports.ReportService - Reports generated in: 2185 ms
11:54:07.363 [Test worker] DEBUG net.serenitybdd.core.photography.Darkroom - Closing darkroom
11:54:07.363 [Darkroom Processing Line] DEBUG net.serenitybdd.core.photography.DarkroomProcessingLine - Darkroom processing line shutting down

1 Scenarios (?[32m1 passed?[0m)
4 Steps (?[32m4 passed?[0m)
0m24,472s

]]></system-out>
  <system-err><![CDATA[]]></system-err>
</testsuite>
